<?xml version="1.0" encoding="UTF-8"?>
<!-- Generated by org.testng.reporters.JUnitReportReporter -->
<testsuite hostname="LAPTOP-J6JNDT39" failures="0" tests="3" name="testCases.HomePageTest" time="5.436" errors="0" timestamp="2022-05-10T00:23:34 EDT" skipped="0">
  <testcase classname="testCases.HomePageTest" name="t01_sign_in" time="0.451"/>
  <system-out/>
  <testcase classname="testCases.HomePageTest" name="t03_press_linked_list" time="2.408"/>
  <system-out/>
  <testcase classname="testCases.HomePageTest" name="t04_select_array" time="2.577"/>
  <system-out/>
</testsuite> <!-- testCases.HomePageTest -->
