<?xml version="1.0" encoding="UTF-8"?>
<!-- Generated by org.testng.reporters.JUnitReportReporter -->
<testsuite hostname="LAPTOP-J6JNDT39" failures="0" tests="1" name="testCases.AssessmentArrayTest" time="0.661" errors="0" timestamp="2022-05-10T00:23:34 EDT" skipped="0">
  <testcase classname="testCases.AssessmentArrayTest" name="t01_click_runtest" time="0.661"/>
  <system-out/>
</testsuite> <!-- testCases.AssessmentArrayTest -->
