<?xml version="1.0" encoding="UTF-8"?>
<!-- Generated by org.testng.reporters.JUnitReportReporter -->
<testsuite hostname="LAPTOP-J6JNDT39" failures="0" tests="1" name="testCases.ArraysinPythonTest" time="2.550" errors="0" timestamp="2022-05-10T00:23:34 EDT" skipped="0">
  <testcase classname="testCases.ArraysinPythonTest" name="t01_create_arrays" time="2.550"/>
  <system-out/>
</testsuite> <!-- testCases.ArraysinPythonTest -->
